{
  "stats": {
    "suites": 1,
    "tests": 10,
    "passes": 2,
    "pending": 0,
    "failures": 8,
    "start": "2025-01-27T15:15:52.389Z",
    "end": "2025-01-27T15:16:38.235Z",
    "duration": 45846,
    "testsRegistered": 10,
    "passPercent": 20,
    "pendingPercent": 0,
    "other": 0,
    "hasOther": false,
    "skipped": 0,
    "hasSkipped": false
  },
  "results": [
    {
      "uuid": "f4fe848d-4e8f-42a6-90a5-fc88dd27bf16",
      "title": "",
      "fullFile": "cypress/integration/generatedTest.spec.js",
      "file": "cypress/integration/generatedTest.spec.js",
      "beforeHooks": [],
      "afterHooks": [],
      "tests": [],
      "suites": [
        {
          "uuid": "9641fe9a-5db1-40d1-a5d9-bb0a1c0ae6c6",
          "title": "Endaoment Banner UI Tests",
          "fullFile": "",
          "file": "",
          "beforeHooks": [],
          "afterHooks": [],
          "tests": [
            {
              "title": "Positive Test - Verify presence and correct display of Endaoment banner",
              "fullTitle": "Endaoment Banner UI Tests Positive Test - Verify presence and correct display of Endaoment banner",
              "timedOut": null,
              "duration": 7622,
              "state": "failed",
              "speed": null,
              "pass": false,
              "fail": true,
              "pending": false,
              "context": null,
              "code": "cy.get('.endaoment-banner').should('be.visible');",
              "err": {
                "message": "AssertionError: Timed out retrying after 4000ms: Expected to find element: `.endaoment-banner`, but never found it.",
                "estack": "AssertionError: Timed out retrying after 4000ms: Expected to find element: `.endaoment-banner`, but never found it.\n    at Context.eval (webpack:///./cypress/integration/generatedTest.spec.js:7:32)",
                "diff": null
              },
              "uuid": "20afa747-2383-4134-b8a4-c1e53fadea1f",
              "parentUUID": "9641fe9a-5db1-40d1-a5d9-bb0a1c0ae6c6",
              "isHook": false,
              "skipped": false
            },
            {
              "title": "Positive Test - Check for correct padding and spacing of Endaoment banner",
              "fullTitle": "Endaoment Banner UI Tests Positive Test - Check for correct padding and spacing of Endaoment banner",
              "timedOut": null,
              "duration": 5015,
              "state": "failed",
              "speed": null,
              "pass": false,
              "fail": true,
              "pending": false,
              "context": null,
              "code": "cy.get('.endaoment-banner').should('have.css', 'padding-bottom', '20px');",
              "err": {
                "message": "AssertionError: Timed out retrying after 4000ms: Expected to find element: `.endaoment-banner`, but never found it.",
                "estack": "AssertionError: Timed out retrying after 4000ms: Expected to find element: `.endaoment-banner`, but never found it.\n    at Context.eval (webpack:///./cypress/integration/generatedTest.spec.js:11:32)",
                "diff": null
              },
              "uuid": "ea917413-3b2a-42aa-83b9-ac803ded3e41",
              "parentUUID": "9641fe9a-5db1-40d1-a5d9-bb0a1c0ae6c6",
              "isHook": false,
              "skipped": false
            },
            {
              "title": "Positive Test - Verify project information displayed beneath the banner",
              "fullTitle": "Endaoment Banner UI Tests Positive Test - Verify project information displayed beneath the banner",
              "timedOut": null,
              "duration": 4903,
              "state": "failed",
              "speed": null,
              "pass": false,
              "fail": true,
              "pending": false,
              "context": null,
              "code": "cy.get('.project-info').should('be.visible');",
              "err": {
                "message": "AssertionError: Timed out retrying after 4000ms: Expected to find element: `.project-info`, but never found it.",
                "estack": "AssertionError: Timed out retrying after 4000ms: Expected to find element: `.project-info`, but never found it.\n    at Context.eval (webpack:///./cypress/integration/generatedTest.spec.js:15:28)",
                "diff": null
              },
              "uuid": "89329033-6337-497c-8d3a-b82ad4aa1a77",
              "parentUUID": "9641fe9a-5db1-40d1-a5d9-bb0a1c0ae6c6",
              "isHook": false,
              "skipped": false
            },
            {
              "title": "Positive Test - Check for correct alignment and spacing between banner and project information",
              "fullTitle": "Endaoment Banner UI Tests Positive Test - Check for correct alignment and spacing between banner and project information",
              "timedOut": null,
              "duration": 6948,
              "state": "failed",
              "speed": null,
              "pass": false,
              "fail": true,
              "pending": false,
              "context": null,
              "code": "cy.get('.endaoment-banner').should('be.above', '.project-info');",
              "err": {
                "message": "AssertionError: Timed out retrying after 4000ms: Expected to find element: `.endaoment-banner`, but never found it.",
                "estack": "AssertionError: Timed out retrying after 4000ms: Expected to find element: `.endaoment-banner`, but never found it.\n    at Context.eval (webpack:///./cypress/integration/generatedTest.spec.js:19:32)",
                "diff": null
              },
              "uuid": "349a7333-f028-4cff-b27f-b67124a2c6a3",
              "parentUUID": "9641fe9a-5db1-40d1-a5d9-bb0a1c0ae6c6",
              "isHook": false,
              "skipped": false
            },
            {
              "title": "Positive Test - Validate correct display of banner image and project details",
              "fullTitle": "Endaoment Banner UI Tests Positive Test - Validate correct display of banner image and project details",
              "timedOut": null,
              "duration": 5152,
              "state": "failed",
              "speed": null,
              "pass": false,
              "fail": true,
              "pending": false,
              "context": null,
              "code": "cy.get('.banner-image').should('be.visible');\ncy.get('.project-description').should('be.visible');",
              "err": {
                "message": "AssertionError: Timed out retrying after 4000ms: Expected to find element: `.banner-image`, but never found it.",
                "estack": "AssertionError: Timed out retrying after 4000ms: Expected to find element: `.banner-image`, but never found it.\n    at Context.eval (webpack:///./cypress/integration/generatedTest.spec.js:23:28)",
                "diff": null
              },
              "uuid": "bba67fa7-863f-48b2-9730-fedf436ed5b6",
              "parentUUID": "9641fe9a-5db1-40d1-a5d9-bb0a1c0ae6c6",
              "isHook": false,
              "skipped": false
            },
            {
              "title": "Positive Test - Test responsiveness of banner and project information",
              "fullTitle": "Endaoment Banner UI Tests Positive Test - Test responsiveness of banner and project information",
              "timedOut": null,
              "duration": 5177,
              "state": "failed",
              "speed": null,
              "pass": false,
              "fail": true,
              "pending": false,
              "context": null,
              "code": "cy.viewport(375, 667); // iPhone 6/7/8\ncy.get('.endaoment-banner').should('be.visible');\ncy.get('.project-info').should('be.visible');\ncy.viewport(1440, 900); // Desktop\ncy.get('.endaoment-banner').should('be.visible');\ncy.get('.project-info').should('be.visible');",
              "err": {
                "message": "AssertionError: Timed out retrying after 4000ms: Expected to find element: `.endaoment-banner`, but never found it.",
                "estack": "AssertionError: Timed out retrying after 4000ms: Expected to find element: `.endaoment-banner`, but never found it.\n    at Context.eval (webpack:///./cypress/integration/generatedTest.spec.js:29:32)",
                "diff": null
              },
              "uuid": "d93f4807-3e6c-4a74-ac5f-66ae1f2cab08",
              "parentUUID": "9641fe9a-5db1-40d1-a5d9-bb0a1c0ae6c6",
              "isHook": false,
              "skipped": false
            },
            {
              "title": "Negative Test - Validate banner with missing bottom padding",
              "fullTitle": "Endaoment Banner UI Tests Negative Test - Validate banner with missing bottom padding",
              "timedOut": null,
              "duration": 4973,
              "state": "failed",
              "speed": null,
              "pass": false,
              "fail": true,
              "pending": false,
              "context": null,
              "code": "cy.get('.endaoment-banner').should('not.have.css', 'padding-bottom', '0px');",
              "err": {
                "message": "AssertionError: Timed out retrying after 4000ms: Expected to find element: `.endaoment-banner`, but never found it.",
                "estack": "AssertionError: Timed out retrying after 4000ms: Expected to find element: `.endaoment-banner`, but never found it.\n    at Context.eval (webpack:///./cypress/integration/generatedTest.spec.js:38:32)",
                "diff": null
              },
              "uuid": "e48c4442-3db6-4f49-a9e0-522a2713fb81",
              "parentUUID": "9641fe9a-5db1-40d1-a5d9-bb0a1c0ae6c6",
              "isHook": false,
              "skipped": false
            },
            {
              "title": "Negative Test - Check handling of broken images within banner or project description",
              "fullTitle": "Endaoment Banner UI Tests Negative Test - Check handling of broken images within banner or project description",
              "timedOut": null,
              "duration": 1213,
              "state": "failed",
              "speed": null,
              "pass": false,
              "fail": true,
              "pending": false,
              "context": null,
              "code": "cy.get('.banner-image').should('be.visible').and('have.attr', 'src').not.equal('');\ncy.get('.project-description img').should('be.visible').and('have.attr', 'src').not.equal('');",
              "err": {
                "message": "TypeError: cy.get(...).should(...).and(...).not.equal is not a function",
                "estack": "TypeError: cy.get(...).should(...).and(...).not.equal is not a function\n    at Context.eval (webpack:///./cypress/integration/generatedTest.spec.js:42:77)\n    at runnable.fn (https://giveth.io/__cypress/runner/cypress_runner.js:137464:19)\n    at callFn (https://giveth.io/__cypress/runner/cypress_runner.js:156061:21)\n    at Runnable.run (https://giveth.io/__cypress/runner/cypress_runner.js:156048:7)\n    at <unknown> (https://giveth.io/__cypress/runner/cypress_runner.js:161972:30)\n    at PassThroughHandlerContext.finallyHandler (https://giveth.io/__cypress/runner/cypress_runner.js:4042:23)\n    at PassThroughHandlerContext.tryCatcher (https://giveth.io/__cypress/runner/cypress_runner.js:1777:23)\n    at Promise._settlePromiseFromHandler (https://giveth.io/__cypress/runner/cypress_runner.js:1489:31)\n    at Promise._settlePromise (https://giveth.io/__cypress/runner/cypress_runner.js:1546:18)",
                "diff": null
              },
              "uuid": "7979b5ad-476a-4224-afa1-acb3cd60cb4d",
              "parentUUID": "9641fe9a-5db1-40d1-a5d9-bb0a1c0ae6c6",
              "isHook": false,
              "skipped": false
            },
            {
              "title": "Negative Test - Validate behavior with multiple broken images on imported projects",
              "fullTitle": "Endaoment Banner UI Tests Negative Test - Validate behavior with multiple broken images on imported projects",
              "timedOut": null,
              "duration": 952,
              "state": "passed",
              "speed": "fast",
              "pass": true,
              "fail": false,
              "pending": false,
              "context": null,
              "code": "// Simulate multiple broken images and assert the UI behavior",
              "err": {},
              "uuid": "a44aceb8-5b6f-4eef-9b24-f23cdf45c8cd",
              "parentUUID": "9641fe9a-5db1-40d1-a5d9-bb0a1c0ae6c6",
              "isHook": false,
              "skipped": false
            },
            {
              "title": "Negative Test - Check UI response when project description fails to load",
              "fullTitle": "Endaoment Banner UI Tests Negative Test - Check UI response when project description fails to load",
              "timedOut": null,
              "duration": 1659,
              "state": "passed",
              "speed": "fast",
              "pass": true,
              "fail": false,
              "pending": false,
              "context": null,
              "code": "// Simulate project description not loading and check UI behavior",
              "err": {},
              "uuid": "160965cc-b87f-4f35-baa6-060145a03e17",
              "parentUUID": "9641fe9a-5db1-40d1-a5d9-bb0a1c0ae6c6",
              "isHook": false,
              "skipped": false
            }
          ],
          "suites": [],
          "passes": [
            "a44aceb8-5b6f-4eef-9b24-f23cdf45c8cd",
            "160965cc-b87f-4f35-baa6-060145a03e17"
          ],
          "failures": [
            "20afa747-2383-4134-b8a4-c1e53fadea1f",
            "ea917413-3b2a-42aa-83b9-ac803ded3e41",
            "89329033-6337-497c-8d3a-b82ad4aa1a77",
            "349a7333-f028-4cff-b27f-b67124a2c6a3",
            "bba67fa7-863f-48b2-9730-fedf436ed5b6",
            "d93f4807-3e6c-4a74-ac5f-66ae1f2cab08",
            "e48c4442-3db6-4f49-a9e0-522a2713fb81",
            "7979b5ad-476a-4224-afa1-acb3cd60cb4d"
          ],
          "pending": [],
          "skipped": [],
          "duration": 43614,
          "root": false,
          "rootEmpty": false,
          "_timeout": 2000
        }
      ],
      "passes": [],
      "failures": [],
      "pending": [],
      "skipped": [],
      "duration": 0,
      "root": true,
      "rootEmpty": true,
      "_timeout": 2000
    }
  ],
  "meta": {
    "mocha": {
      "version": "7.0.1"
    },
    "mochawesome": {
      "options": {
        "quiet": false,
        "reportFilename": "mochawesome",
        "saveHtml": true,
        "saveJson": true,
        "consoleReporter": "spec",
        "useInlineDiffs": false,
        "code": true
      },
      "version": "7.1.3"
    },
    "marge": {
      "options": {
        "reportDir": "cypress/reports",
        "overwrite": true,
        "html": true,
        "json": true
      },
      "version": "6.2.0"
    }
  }
}